2017-04-16 21:45:08,999 : Machine : Mission Pinball Framework Core Engine v0.33.1
2017-04-16 21:45:08,999 : Machine : Command line arguments: {'force_assets_load': False, 'force_platform': 'smart_virtual', 'mpfconfigfile': 'c:\\python34\\lib\\site-packages\\mpf\\mpfconfig.yaml', 'configfile': ['config'], 'bcp': True, 'no_load_cache': False, 'loglevel': 11, 'consoleloglevel': 20, 'pause': False, 'create_config_cache': True, 'logfile': 'logs\\2017-04-16-21-45-08-mpf-pinball-PC.log', 'mc_file_name': None}
2017-04-16 21:45:08,999 : Machine : MPF path: c:\python34\lib\site-packages\mpf
2017-04-16 21:45:08,999 : Machine : Machine path: C:\Users\pinball\alienpoker
2017-04-16 21:45:08,999 : Machine : Platform: win32
2017-04-16 21:45:08,999 : Machine : Python executable location: c:\python34\python.exe
2017-04-16 21:45:08,999 : Machine : Python version: 3.4.4 (64-bit)
2017-04-16 21:45:09,483 : Machine : Loading cached config: C:\Users\pinball\AppData\Local\Temp\5a963918b936e80233681af3d5581884config
2017-04-16 21:45:09,561 : SwitchController : Loading the SwitchController
2017-04-16 21:45:09,654 : EventManager : Event: ======'machine_var_player1_score'====== Args={'change': 0, 'prev_value': 0, 'value': 0}
2017-04-16 21:45:09,654 : EventManager : Event: ======'machine_var_mpf_version'====== Args={'change': False, 'prev_value': 'MPF v0.33.1', 'value': 'MPF v0.33.1'}
2017-04-16 21:45:09,654 : EventManager : Event: ======'machine_var_mpf_extended_version'====== Args={'change': False, 'prev_value': 'MPF v0.33.1, Config version:4, Show version: 4, BCP version:1.1', 'value': 'MPF v0.33.1, Config version:4, Show version: 4, BCP version:1.1'}
2017-04-16 21:45:09,654 : EventManager : Event: ======'machine_var_python_version'====== Args={'change': False, 'prev_value': '3.4.4', 'value': '3.4.4'}
2017-04-16 21:45:09,654 : EventManager : Event: ======'machine_var_platform'====== Args={'change': False, 'prev_value': 'Windows-7-6.1.7601-SP1', 'value': 'Windows-7-6.1.7601-SP1'}
2017-04-16 21:45:09,654 : EventManager : Event: ======'machine_var_platform_system'====== Args={'change': False, 'prev_value': 'Windows', 'value': 'Windows'}
2017-04-16 21:45:09,654 : EventManager : Event: ======'machine_var_platform_release'====== Args={'change': False, 'prev_value': '7', 'value': '7'}
2017-04-16 21:45:09,654 : EventManager : Event: ======'machine_var_platform_version'====== Args={'change': False, 'prev_value': '6.1.7601', 'value': '6.1.7601'}
2017-04-16 21:45:09,654 : EventManager : Event: ======'machine_var_platform_machine'====== Args={'change': False, 'prev_value': 'AMD64', 'value': 'AMD64'}
2017-04-16 21:45:09,654 : EventManager : Event: ======'init_phase_1'====== Args={}
2017-04-16 21:45:09,810 : EventManager : Event: ======'init_phase_2'====== Args={}
2017-04-16 21:45:09,904 : Mode.poker : poker python code initalized
2017-04-16 21:45:09,935 : Mode.jetbumpers : jetbumper python code initalized
2017-04-16 21:45:09,966 : BCPClientSocket.local_display : Connecting BCP to 'local_display' at localhost:5050...
2017-04-16 21:45:11,499 : BCPClientSocket.local_display : Connected BCP to 'local_display' localhost:5050
2017-04-16 21:45:11,500 : SwitchController : Registering switch handler: s_club_ace_eject, <bound method SwitchCounter._switch_changed of <mpf.devices.ball_device.switch_counter.SwitchCounter object at 0x0000000004B48B70>>, state: 1, ms: 500, info: False, cb_kwargs: {}
2017-04-16 21:45:11,500 : SwitchController : Registering switch handler: s_club_ace_eject, <bound method SwitchCounter._switch_changed of <mpf.devices.ball_device.switch_counter.SwitchCounter object at 0x0000000004B48B70>>, state: 0, ms: 500, info: False, cb_kwargs: {}
2017-04-16 21:45:11,502 : SwitchController : Registering switch handler: s_spade_ace_eject, <bound method SwitchCounter._switch_changed of <mpf.devices.ball_device.switch_counter.SwitchCounter object at 0x0000000004B50208>>, state: 1, ms: 500, info: False, cb_kwargs: {}
2017-04-16 21:45:11,502 : SwitchController : Registering switch handler: s_spade_ace_eject, <bound method SwitchCounter._switch_changed of <mpf.devices.ball_device.switch_counter.SwitchCounter object at 0x0000000004B50208>>, state: 0, ms: 500, info: False, cb_kwargs: {}
2017-04-16 21:45:11,503 : SwitchController : Registering switch handler: s_heart_ace_eject, <bound method SwitchCounter._switch_changed of <mpf.devices.ball_device.switch_counter.SwitchCounter object at 0x0000000004B41908>>, state: 1, ms: 500, info: False, cb_kwargs: {}
2017-04-16 21:45:11,503 : SwitchController : Registering switch handler: s_heart_ace_eject, <bound method SwitchCounter._switch_changed of <mpf.devices.ball_device.switch_counter.SwitchCounter object at 0x0000000004B41908>>, state: 0, ms: 500, info: False, cb_kwargs: {}
2017-04-16 21:45:11,504 : SwitchController : Registering switch handler: s_drain, <bound method SwitchCounter._switch_changed of <mpf.devices.ball_device.switch_counter.SwitchCounter object at 0x0000000004B41FD0>>, state: 1, ms: 500, info: False, cb_kwargs: {}
2017-04-16 21:45:11,504 : SwitchController : Registering switch handler: s_drain, <bound method SwitchCounter._switch_changed of <mpf.devices.ball_device.switch_counter.SwitchCounter object at 0x0000000004B41FD0>>, state: 0, ms: 500, info: False, cb_kwargs: {}
2017-04-16 21:45:11,535 : EventManager : Event: ======'init_phase_3'====== Args={}
2017-04-16 21:45:11,536 : AssetManager : Registering Asset: attract_display_loop, File: attract_display_loop.yaml, Default Group: default, Final Config: {'load': 'preload', 'file': 'C:\\Users\\pinball\\alienpoker\\modes\\attract\\shows\\attract_display_loop.yaml'}
2017-04-16 21:45:11,537 : AssetManager : Registering Asset: attract_lights_1, File: attract_lights_1.yaml, Default Group: default, Final Config: {'load': 'preload', 'file': 'C:\\Users\\pinball\\alienpoker\\modes\\attract\\shows\\attract_lights_1.yaml'}
2017-04-16 21:45:11,539 : AssetManager : Registering Asset: club_eject_flash_show, File: club_eject_flash_show.yaml, Default Group: default, Final Config: {'load': 'preload', 'file': 'C:\\Users\\pinball\\alienpoker\\modes\\poker\\shows\\club_eject_flash_show.yaml'}
2017-04-16 21:45:11,539 : AssetManager : Registering Asset: extra_ball_flash_show, File: extra_ball_flash_show.yaml, Default Group: default, Final Config: {'load': 'preload', 'file': 'C:\\Users\\pinball\\alienpoker\\modes\\poker\\shows\\extra_ball_flash_show.yaml'}
2017-04-16 21:45:11,539 : AssetManager : Registering Asset: heart_eject_flash_show, File: heart_eject_flash_show.yaml, Default Group: default, Final Config: {'load': 'preload', 'file': 'C:\\Users\\pinball\\alienpoker\\modes\\poker\\shows\\heart_eject_flash_show.yaml'}
2017-04-16 21:45:11,539 : AssetManager : Registering Asset: spade_eject_flash_show, File: spade_eject_flash_show.yaml, Default Group: default, Final Config: {'load': 'preload', 'file': 'C:\\Users\\pinball\\alienpoker\\modes\\poker\\shows\\spade_eject_flash_show.yaml'}
2017-04-16 21:45:11,541 : AssetManager : Registering Asset: jetbumper_flash_1, File: jetbumper_flash_1.yaml, Default Group: default, Final Config: {'load': 'preload', 'file': 'C:\\Users\\pinball\\alienpoker\\modes\\jetbumpers\\shows\\jetbumper_flash_1.yaml'}
2017-04-16 21:45:11,542 : AssetManager : Registering Asset: jetbumper_flash_2, File: jetbumper_flash_2.yaml, Default Group: default, Final Config: {'load': 'preload', 'file': 'C:\\Users\\pinball\\alienpoker\\modes\\jetbumpers\\shows\\jetbumper_flash_2.yaml'}
2017-04-16 21:45:11,550 : EventManager : Event: ======'machine_var_master_volume'====== Args={'change': 0.0, 'prev_value': 0.75, 'value': 0.75}
2017-04-16 21:45:11,558 : EventManager : Event: ======'loading_assets'====== Args={'loaded': 1, 'remaining': 7, 'percent': 12, 'total': 8}
2017-04-16 21:45:11,558 : AssetManager : Loading assets: 1/8 (12%)
2017-04-16 21:45:11,562 : EventManager : Event: ======'loading_assets'====== Args={'loaded': 2, 'remaining': 6, 'percent': 25, 'total': 8}
2017-04-16 21:45:11,562 : AssetManager : Loading assets: 2/8 (25%)
2017-04-16 21:45:11,666 : EventManager : Event: ======'loading_assets'====== Args={'loaded': 3, 'remaining': 5, 'percent': 38, 'total': 8}
2017-04-16 21:45:11,667 : AssetManager : Loading assets: 3/8 (38%)
2017-04-16 21:45:11,671 : EventManager : Event: ======'loading_assets'====== Args={'loaded': 4, 'remaining': 4, 'percent': 50, 'total': 8}
2017-04-16 21:45:11,671 : AssetManager : Loading assets: 4/8 (50%)
2017-04-16 21:45:11,726 : EventManager : Event: ======'loading_assets'====== Args={'loaded': 5, 'remaining': 3, 'percent': 62, 'total': 8}
2017-04-16 21:45:11,726 : AssetManager : Loading assets: 5/8 (62%)
2017-04-16 21:45:11,731 : EventManager : Event: ======'loading_assets'====== Args={'loaded': 6, 'remaining': 2, 'percent': 75, 'total': 8}
2017-04-16 21:45:11,731 : AssetManager : Loading assets: 6/8 (75%)
2017-04-16 21:45:11,735 : EventManager : Event: ======'loading_assets'====== Args={'loaded': 7, 'remaining': 1, 'percent': 88, 'total': 8}
2017-04-16 21:45:11,735 : AssetManager : Loading assets: 7/8 (88%)
2017-04-16 21:45:11,742 : EventManager : Event: ======'loading_assets'====== Args={'loaded': 8, 'remaining': 0, 'percent': 100, 'total': 8}
2017-04-16 21:45:11,743 : EventManager : Event: ======'asset_loading_complete'====== Args={}
2017-04-16 21:45:11,743 : AssetManager : Loading assets: 8/8 (100%)
2017-04-16 21:45:11,743 : EventManager : Event: ======'init_phase_4'====== Args={}
2017-04-16 21:45:11,748 : EventManager : Event: ======'init_phase_5'====== Args={}
2017-04-16 21:45:11,750 : EventManager : Event: ======'init_done'====== Args={}
2017-04-16 21:45:11,751 : EventManager : Event: ======'machine_reset_phase_1'====== Args={}
2017-04-16 21:45:11,778 : EventManager : Event: ======'machine_reset_phase_2'====== Args={}
2017-04-16 21:45:11,778 : EventManager : Event: ======'machine_reset_phase_3'====== Args={}
2017-04-16 21:45:11,779 : SwitchController : Found active switch: s_drain
2017-04-16 21:45:11,780 : EventManager : Event: ======'reset_complete'====== Args={}
2017-04-16 21:45:11,782 : EventManager : Event: ======'mode_attract_starting'====== Args={}
2017-04-16 21:45:11,782 : Mode.attract : Started. Priority: 10
2017-04-16 21:45:11,783 : EventManager : Event: ======'mode_attract_started'====== Args={}
2017-04-16 21:45:11,787 : SwitchController : Registering switch handler: s_start_button, <bound method Attract.start_button_pressed of <Mode.attract>>, state: 1, ms: 0, info: False, cb_kwargs: {}
2017-04-16 21:45:11,788 : SwitchController : Registering switch handler: s_start_button, <bound method Attract.start_button_released of <Mode.attract>>, state: 0, ms: 0, info: False, cb_kwargs: {}
2017-04-16 21:45:11,788 : EventManager : Event: ======'collecting_balls_complete'====== Args={}
2017-04-16 21:45:11,788 : Machine : Starting the main run loop.
2017-04-16 21:45:11,813 : EventManager : Event: ======'slide_title_slide_created'====== Args={'_from_bcp': True}
2017-04-16 21:45:11,817 : EventManager : Event: ======'slide_title_slide_active'====== Args={'_from_bcp': True}
2017-04-16 21:45:12,108 : BcpServer : New client connected.
2017-04-16 21:45:14,850 : EventManager : Event: ======'slide_present_slide_created'====== Args={'_from_bcp': True}
2017-04-16 21:45:14,851 : EventManager : Event: ======'slide_present_slide_active'====== Args={'_from_bcp': True}
2017-04-16 21:45:16,624 : SwitchController : Processing switch. Name: s_start_button, state: 1, logical: True,
2017-04-16 21:45:16,624 : SwitchController : <<<<<<< 's_start_button' active >>>>>>>
2017-04-16 21:45:16,625 : EventManager : Event: ======'s_start_button_active'====== Args={}
2017-04-16 21:45:16,625 : EventManager : Event: ======'sw_start'====== Args={}
2017-04-16 21:45:16,626 : EventManager : Event: ======'sw_start_active'====== Args={}
2017-04-16 21:45:16,870 : SwitchController : Processing switch. Name: s_start_button, state: 0, logical: True,
2017-04-16 21:45:16,873 : SwitchController : <<<<<<< 's_start_button' inactive >>>>>>>
2017-04-16 21:45:16,874 : EventManager : Event: ======'request_to_start_game'====== Args={}
2017-04-16 21:45:16,876 : EventManager : Event: ======'s_start_button_inactive'====== Args={}
2017-04-16 21:45:16,877 : EventManager : Event: ======'sw_start_inactive'====== Args={}
2017-04-16 21:45:16,881 : EventManager : Event: ======'game_start'====== Args={'buttons': [], 'hold_time': 0.24900000000025102}
2017-04-16 21:45:16,885 : EventManager : Event: ======'mode_game_starting'====== Args={}
2017-04-16 21:45:16,890 : SwitchController : Removing switch handler. Switch: s_start_button, State: 1, ms: 0
2017-04-16 21:45:16,891 : SwitchController : Removing switch handler. Switch: s_start_button, State: 0, ms: 0
2017-04-16 21:45:16,891 : EventManager : Event: ======'mode_attract_stopping'====== Args={}
2017-04-16 21:45:16,893 : Mode.attract : Stopped.
2017-04-16 21:45:16,896 : EventManager : Event: ======'mode_attract_stopped'====== Args={}
2017-04-16 21:45:16,898 : EventManager : Event: ======'clear'====== Args={'key': 'attract'}
2017-04-16 21:45:16,898 : Mode.game : Started. Priority: 20
2017-04-16 21:45:16,898 : EventManager : Event: ======'mode_game_started'====== Args={}
2017-04-16 21:45:16,900 : EventManager : Event: ======'game_starting'====== Args={'game': <Mode.game>}
2017-04-16 21:45:16,914 : Machine : Shutting down...
2017-04-16 21:45:16,914 : EventManager : Event: ======'shutdown'====== Args={}
2017-04-16 21:45:16,915 : Machine : Shutting down...
2017-04-16 21:45:16,916 : EventManager : Event: ======'shutdown'====== Args={}
2017-04-16 21:45:16,918 : asyncio : Exception in callback EventManager._done(<Task finishe...s_awarded'",)>)
handle: <Handle EventManager._done(<Task finishe...s_awarded'",)>)>
Traceback (most recent call last):
  File "c:\python34\lib\asyncio\events.py", line 125, in _run
    self._callback(*self._args)
  File "c:\python34\lib\site-packages\mpf\core\events.py", line 572, in _done
    future.result()
  File "c:\python34\lib\asyncio\futures.py", line 274, in result
    raise self._exception
  File "c:\python34\lib\asyncio\tasks.py", line 239, in _step
    result = coro.send(None)
  File "c:\python34\lib\site-packages\mpf\core\events.py", line 507, in _run_handlers_sequential
    handler.callback(queue=queue, **merged_kwargs)
  File "c:\python34\lib\site-packages\mpf\core\mode.py", line 196, in start
    self._add_mode_devices()
  File "c:\python34\lib\site-packages\mpf\core\mode.py", line 384, in _add_mode_devices
    player=self.player)
  File "c:\python34\lib\site-packages\mpf\devices\extra_ball.py", line 69, in device_added_to_mode
    if self.name not in self.player.extra_balls_awarded:
AttributeError: 'NoneType' object has no attribute 'extra_balls_awarded'
2017-04-16 21:45:16,943 : root : 'NoneType' object has no attribute 'extra_balls_awarded'
Traceback (most recent call last):
  File "c:\python34\lib\site-packages\mpf\commands\game.py", line 165, in __init__
    MachineController(mpf_path, machine_path, vars(args)).run()
  File "c:\python34\lib\site-packages\mpf\core\machine.py", line 636, in run
    self._run_loop()
  File "c:\python34\lib\site-packages\mpf\core\machine.py", line 677, in _run_loop
    raise self._exception['exception']
  File "c:\python34\lib\asyncio\events.py", line 125, in _run
    self._callback(*self._args)
  File "c:\python34\lib\site-packages\mpf\core\events.py", line 572, in _done
    future.result()
  File "c:\python34\lib\asyncio\futures.py", line 274, in result
    raise self._exception
  File "c:\python34\lib\asyncio\tasks.py", line 239, in _step
    result = coro.send(None)
  File "c:\python34\lib\site-packages\mpf\core\events.py", line 507, in _run_handlers_sequential
    handler.callback(queue=queue, **merged_kwargs)
  File "c:\python34\lib\site-packages\mpf\core\mode.py", line 196, in start
    self._add_mode_devices()
  File "c:\python34\lib\site-packages\mpf\core\mode.py", line 384, in _add_mode_devices
    player=self.player)
  File "c:\python34\lib\site-packages\mpf\devices\extra_ball.py", line 69, in device_added_to_mode
    if self.name not in self.player.extra_balls_awarded:
AttributeError: 'NoneType' object has no attribute 'extra_balls_awarded'
