2017-04-16 21:45:09,717 : kivy : Factory: 179 symbols loaded
2017-04-16 21:45:09,904 : kivy : Image: Providers: img_tex, img_dds, img_gif, img_sdl2 (img_pil, img_ffpyplayer ignored)
2017-04-16 21:45:09,982 : kivy : VideoGstplayer: Using Gstreamer 1.10.2.0
2017-04-16 21:45:09,982 : kivy : Video: Provider: gstplayer
2017-04-16 21:45:10,044 : kivy : Loading MPF-MC controller
2017-04-16 21:45:10,044 : mpfmc : Mission Pinball Framework Media Controller v0.33.0
2017-04-16 21:45:10,044 : mpfmc : Mission Pinball Framework Game Engine v0.33.1
2017-04-16 21:45:10,044 : mpfmc : Machine path: C:\Users\pinball\alienpoker
2017-04-16 21:45:10,044 : mpfmc : Starting clock at 30.0Hz
2017-04-16 21:45:10,075 : kivy : Text: Provider: sdl2
2017-04-16 21:45:10,528 : kivy : OSC: using <thread> for socket
2017-04-16 21:45:10,543 : kivy : Window: Provider: sdl2
2017-04-16 21:45:10,620 : kivy : GL: GLEW initialization succeeded
2017-04-16 21:45:10,623 : kivy : GL: OpenGL version <b'3.1.0 - Build 8.15.10.2476'>
2017-04-16 21:45:10,624 : kivy : GL: OpenGL vendor <b'Intel'>
2017-04-16 21:45:10,627 : kivy : GL: OpenGL renderer <b'Intel(R) HD Graphics Family'>
2017-04-16 21:45:10,628 : kivy : GL: OpenGL parsed version: 3, 1
2017-04-16 21:45:10,629 : kivy : GL: Shading version <b'1.40  - Intel Build 8.15.10.2476'>
2017-04-16 21:45:10,630 : kivy : GL: Texture max size <8192>
2017-04-16 21:45:10,630 : kivy : GL: Texture max units <16>
2017-04-16 21:45:10,687 : kivy : Shader: fragment shader: <b'No errors.'>
2017-04-16 21:45:10,689 : kivy : Shader: vertex shader: <b'No errors.'>
2017-04-16 21:45:10,693 : kivy : Shader: program: <No errors.>
2017-04-16 21:45:10,696 : kivy : Window: auto add sdl2 input provider
2017-04-16 21:45:10,696 : kivy : Window: virtual keyboard not allowed, single mode, not docked
2017-04-16 21:45:11,126 : AudioInterface : Initialized 0.33.0-dev.03
2017-04-16 21:45:11,130 : kivy : Base: Start application main loop
2017-04-16 21:45:11,275 : mpfmc : ASPECT RATIO MISMATCH: The on-screen window is not the same aspect ratio as the display called 'window'. The logical display will be scaled from 800x400 to the window size 800x600, and a black bar will make up the difference
2017-04-16 21:45:11,426 : MPF-MC BCP Server : Starting up on localhost port 5050
2017-04-16 21:45:11,435 : MPF-MC BCP Server : Waiting for a connection...
2017-04-16 21:45:11,491 : kivy : GL: NPOT texture support is available
2017-04-16 21:45:11,500 : MPF-MC BCP Server : Received connection from: 127.0.0.1:51398
2017-04-16 21:45:17,015 : mpfmc : Stopping...
2017-04-16 21:45:17,263 : mpfmc : Loop rate 31.3 Hz
2017-04-16 21:45:17,263 : kivy : Base: Leaving application in progress...
2017-04-16 21:45:17,293 : mpfmc : Stopping...
2017-04-16 21:45:17,295 : mpfmc : Loop rate 31.3 Hz
2017-04-16 21:45:17,296 : kivy : MC run loop ended.
2017-04-16 21:45:17,297 : kivy : Stopping child threads... (1 remaining)
2017-04-16 21:45:17,948 : MPF-MC BCP Server : Stopping BCP sending thread
2017-04-16 21:45:17,998 : kivy : All child threads stopped.
