2017-04-15 20:13:12,938 : Machine : Mission Pinball Framework Core Engine v0.33.1
2017-04-15 20:13:12,939 : Machine : Command line arguments: {'bcp': True, 'configfile': ['config'], 'force_assets_load': False, 'force_platform': 'smart_virtual', 'pause': False, 'mc_file_name': None, 'consoleloglevel': 20, 'no_load_cache': False, 'create_config_cache': True, 'logfile': 'logs\\2017-04-15-20-13-12-mpf-pinball-PC.log', 'mpfconfigfile': 'c:\\python34\\lib\\site-packages\\mpf\\mpfconfig.yaml', 'loglevel': 11}
2017-04-15 20:13:12,939 : Machine : MPF path: c:\python34\lib\site-packages\mpf
2017-04-15 20:13:12,939 : Machine : Machine path: C:\Users\pinball\alienpoker
2017-04-15 20:13:12,939 : Machine : Platform: win32
2017-04-15 20:13:12,939 : Machine : Python executable location: c:\python34\python.exe
2017-04-15 20:13:12,939 : Machine : Python version: 3.4.4 (64-bit)
2017-04-15 20:13:13,433 : Machine : Loading cached config: C:\Users\pinball\AppData\Local\Temp\5a963918b936e80233681af3d5581884config
2017-04-15 20:13:13,504 : SwitchController : Loading the SwitchController
2017-04-15 20:13:13,598 : EventManager : Event: ======'machine_var_player1_score'====== Args={'change': 0, 'prev_value': 20200, 'value': 20200}
2017-04-15 20:13:13,598 : EventManager : Event: ======'machine_var_mpf_version'====== Args={'change': False, 'prev_value': 'MPF v0.33.1', 'value': 'MPF v0.33.1'}
2017-04-15 20:13:13,598 : EventManager : Event: ======'machine_var_mpf_extended_version'====== Args={'change': False, 'prev_value': 'MPF v0.33.1, Config version:4, Show version: 4, BCP version:1.1', 'value': 'MPF v0.33.1, Config version:4, Show version: 4, BCP version:1.1'}
2017-04-15 20:13:13,599 : EventManager : Event: ======'machine_var_python_version'====== Args={'change': False, 'prev_value': '3.4.4', 'value': '3.4.4'}
2017-04-15 20:13:13,599 : EventManager : Event: ======'machine_var_platform'====== Args={'change': False, 'prev_value': 'Windows-7-6.1.7601-SP1', 'value': 'Windows-7-6.1.7601-SP1'}
2017-04-15 20:13:13,599 : EventManager : Event: ======'machine_var_platform_system'====== Args={'change': False, 'prev_value': 'Windows', 'value': 'Windows'}
2017-04-15 20:13:13,599 : EventManager : Event: ======'machine_var_platform_release'====== Args={'change': False, 'prev_value': '7', 'value': '7'}
2017-04-15 20:13:13,599 : EventManager : Event: ======'machine_var_platform_version'====== Args={'change': False, 'prev_value': '6.1.7601', 'value': '6.1.7601'}
2017-04-15 20:13:13,599 : EventManager : Event: ======'machine_var_platform_machine'====== Args={'change': False, 'prev_value': 'AMD64', 'value': 'AMD64'}
2017-04-15 20:13:13,600 : EventManager : Event: ======'init_phase_1'====== Args={}
2017-04-15 20:13:13,755 : EventManager : Event: ======'init_phase_2'====== Args={}
2017-04-15 20:13:13,787 : Mode.jetbumpers : jetbumper python code initalized
2017-04-15 20:13:13,837 : Mode.poker : poker python code initalized
2017-04-15 20:13:13,924 : BCPClientSocket.local_display : Connecting BCP to 'local_display' at localhost:5050...
2017-04-15 20:13:15,435 : BCPClientSocket.local_display : Connected BCP to 'local_display' localhost:5050
2017-04-15 20:13:15,437 : SwitchController : Registering switch handler: s_drain, <bound method SwitchCounter._switch_changed of <mpf.devices.ball_device.switch_counter.SwitchCounter object at 0x0000000004BBD1D0>>, state: 1, ms: 500, info: False, cb_kwargs: {}
2017-04-15 20:13:15,437 : SwitchController : Registering switch handler: s_drain, <bound method SwitchCounter._switch_changed of <mpf.devices.ball_device.switch_counter.SwitchCounter object at 0x0000000004BBD1D0>>, state: 0, ms: 500, info: False, cb_kwargs: {}
2017-04-15 20:13:15,438 : SwitchController : Registering switch handler: s_spade_ace_eject, <bound method SwitchCounter._switch_changed of <mpf.devices.ball_device.switch_counter.SwitchCounter object at 0x0000000004BBF0B8>>, state: 1, ms: 500, info: False, cb_kwargs: {}
2017-04-15 20:13:15,439 : SwitchController : Registering switch handler: s_spade_ace_eject, <bound method SwitchCounter._switch_changed of <mpf.devices.ball_device.switch_counter.SwitchCounter object at 0x0000000004BBF0B8>>, state: 0, ms: 500, info: False, cb_kwargs: {}
2017-04-15 20:13:15,440 : SwitchController : Registering switch handler: s_heart_ace_eject, <bound method SwitchCounter._switch_changed of <mpf.devices.ball_device.switch_counter.SwitchCounter object at 0x0000000004BBB588>>, state: 1, ms: 500, info: False, cb_kwargs: {}
2017-04-15 20:13:15,440 : SwitchController : Registering switch handler: s_heart_ace_eject, <bound method SwitchCounter._switch_changed of <mpf.devices.ball_device.switch_counter.SwitchCounter object at 0x0000000004BBB588>>, state: 0, ms: 500, info: False, cb_kwargs: {}
2017-04-15 20:13:15,442 : SwitchController : Registering switch handler: s_club_ace_eject, <bound method SwitchCounter._switch_changed of <mpf.devices.ball_device.switch_counter.SwitchCounter object at 0x0000000004BBB978>>, state: 1, ms: 500, info: False, cb_kwargs: {}
2017-04-15 20:13:15,442 : SwitchController : Registering switch handler: s_club_ace_eject, <bound method SwitchCounter._switch_changed of <mpf.devices.ball_device.switch_counter.SwitchCounter object at 0x0000000004BBB978>>, state: 0, ms: 500, info: False, cb_kwargs: {}
2017-04-15 20:13:15,475 : EventManager : Event: ======'init_phase_3'====== Args={}
2017-04-15 20:13:15,477 : AssetManager : Registering Asset: club_eject_flash_show, File: club_eject_flash_show.yaml, Default Group: default, Final Config: {'load': 'preload', 'file': 'C:\\Users\\pinball\\alienpoker\\modes\\poker\\shows\\club_eject_flash_show.yaml'}
2017-04-15 20:13:15,477 : AssetManager : Registering Asset: extra_ball_flash_show, File: extra_ball_flash_show.yaml, Default Group: default, Final Config: {'load': 'preload', 'file': 'C:\\Users\\pinball\\alienpoker\\modes\\poker\\shows\\extra_ball_flash_show.yaml'}
2017-04-15 20:13:15,477 : AssetManager : Registering Asset: heart_eject_flash_show, File: heart_eject_flash_show.yaml, Default Group: default, Final Config: {'load': 'preload', 'file': 'C:\\Users\\pinball\\alienpoker\\modes\\poker\\shows\\heart_eject_flash_show.yaml'}
2017-04-15 20:13:15,477 : AssetManager : Registering Asset: spade_eject_flash_show, File: spade_eject_flash_show.yaml, Default Group: default, Final Config: {'load': 'preload', 'file': 'C:\\Users\\pinball\\alienpoker\\modes\\poker\\shows\\spade_eject_flash_show.yaml'}
2017-04-15 20:13:15,479 : AssetManager : Registering Asset: attract_display_loop, File: attract_display_loop.yaml, Default Group: default, Final Config: {'load': 'preload', 'file': 'C:\\Users\\pinball\\alienpoker\\modes\\attract\\shows\\attract_display_loop.yaml'}
2017-04-15 20:13:15,479 : AssetManager : Registering Asset: attract_lights_1, File: attract_lights_1.yaml, Default Group: default, Final Config: {'load': 'preload', 'file': 'C:\\Users\\pinball\\alienpoker\\modes\\attract\\shows\\attract_lights_1.yaml'}
2017-04-15 20:13:15,481 : AssetManager : Registering Asset: jetbumper_flash_1, File: jetbumper_flash_1.yaml, Default Group: default, Final Config: {'load': 'preload', 'file': 'C:\\Users\\pinball\\alienpoker\\modes\\jetbumpers\\shows\\jetbumper_flash_1.yaml'}
2017-04-15 20:13:15,481 : AssetManager : Registering Asset: jetbumper_flash_2, File: jetbumper_flash_2.yaml, Default Group: default, Final Config: {'load': 'preload', 'file': 'C:\\Users\\pinball\\alienpoker\\modes\\jetbumpers\\shows\\jetbumper_flash_2.yaml'}
2017-04-15 20:13:15,486 : EventManager : Event: ======'slide_welcome_slide_created'====== Args={'_from_bcp': True}
2017-04-15 20:13:15,486 : EventManager : Event: ======'slide_welcome_slide_active'====== Args={'_from_bcp': True}
2017-04-15 20:13:15,490 : EventManager : Event: ======'machine_var_master_volume'====== Args={'change': 0.0, 'prev_value': 0.75, 'value': 0.75}
2017-04-15 20:13:15,532 : EventManager : Event: ======'loading_assets'====== Args={'remaining': 7, 'loaded': 1, 'percent': 12, 'total': 8}
2017-04-15 20:13:15,533 : AssetManager : Loading assets: 1/8 (12%)
2017-04-15 20:13:15,649 : EventManager : Event: ======'loading_assets'====== Args={'remaining': 6, 'loaded': 2, 'percent': 25, 'total': 8}
2017-04-15 20:13:15,649 : AssetManager : Loading assets: 2/8 (25%)
2017-04-15 20:13:15,653 : EventManager : Event: ======'loading_assets'====== Args={'remaining': 5, 'loaded': 3, 'percent': 38, 'total': 8}
2017-04-15 20:13:15,653 : AssetManager : Loading assets: 3/8 (38%)
2017-04-15 20:13:15,657 : EventManager : Event: ======'loading_assets'====== Args={'remaining': 4, 'loaded': 4, 'percent': 50, 'total': 8}
2017-04-15 20:13:15,657 : AssetManager : Loading assets: 4/8 (50%)
2017-04-15 20:13:15,661 : EventManager : Event: ======'loading_assets'====== Args={'remaining': 3, 'loaded': 5, 'percent': 62, 'total': 8}
2017-04-15 20:13:15,661 : AssetManager : Loading assets: 5/8 (62%)
2017-04-15 20:13:15,668 : EventManager : Event: ======'loading_assets'====== Args={'remaining': 2, 'loaded': 6, 'percent': 75, 'total': 8}
2017-04-15 20:13:15,668 : AssetManager : Loading assets: 6/8 (75%)
2017-04-15 20:13:15,674 : EventManager : Event: ======'loading_assets'====== Args={'remaining': 1, 'loaded': 7, 'percent': 88, 'total': 8}
2017-04-15 20:13:15,674 : AssetManager : Loading assets: 7/8 (88%)
2017-04-15 20:13:15,678 : EventManager : Event: ======'loading_assets'====== Args={'remaining': 0, 'loaded': 8, 'percent': 100, 'total': 8}
2017-04-15 20:13:15,678 : EventManager : Event: ======'asset_loading_complete'====== Args={}
2017-04-15 20:13:15,678 : AssetManager : Loading assets: 8/8 (100%)
2017-04-15 20:13:15,678 : EventManager : Event: ======'init_phase_4'====== Args={}
2017-04-15 20:13:15,682 : EventManager : Event: ======'init_phase_5'====== Args={}
2017-04-15 20:13:15,685 : EventManager : Event: ======'init_done'====== Args={}
2017-04-15 20:13:15,686 : EventManager : Event: ======'machine_reset_phase_1'====== Args={}
2017-04-15 20:13:15,704 : EventManager : Event: ======'machine_reset_phase_2'====== Args={}
2017-04-15 20:13:15,704 : EventManager : Event: ======'machine_reset_phase_3'====== Args={}
2017-04-15 20:13:15,705 : SwitchController : Found active switch: s_drain
2017-04-15 20:13:15,706 : EventManager : Event: ======'reset_complete'====== Args={}
2017-04-15 20:13:15,708 : EventManager : Event: ======'mode_attract_starting'====== Args={}
2017-04-15 20:13:15,708 : Mode.attract : Started. Priority: 10
2017-04-15 20:13:15,709 : EventManager : Event: ======'mode_attract_started'====== Args={}
2017-04-15 20:13:15,714 : SwitchController : Registering switch handler: s_start_button, <bound method Attract.start_button_pressed of <Mode.attract>>, state: 1, ms: 0, info: False, cb_kwargs: {}
2017-04-15 20:13:15,714 : SwitchController : Registering switch handler: s_start_button, <bound method Attract.start_button_released of <Mode.attract>>, state: 0, ms: 0, info: False, cb_kwargs: {}
2017-04-15 20:13:15,714 : EventManager : Event: ======'collecting_balls_complete'====== Args={}
2017-04-15 20:13:15,715 : Machine : Starting the main run loop.
2017-04-15 20:13:15,738 : EventManager : Event: ======'slide_title_slide_created'====== Args={'_from_bcp': True}
2017-04-15 20:13:15,742 : EventManager : Event: ======'slide_title_slide_active'====== Args={'_from_bcp': True}
2017-04-15 20:13:16,159 : BcpServer : New client connected.
2017-04-15 20:13:18,751 : EventManager : Event: ======'slide_present_slide_created'====== Args={'_from_bcp': True}
2017-04-15 20:13:18,762 : EventManager : Event: ======'slide_present_slide_active'====== Args={'_from_bcp': True}
2017-04-15 20:13:20,146 : SwitchController : Processing switch. Name: s_start_button, state: 1, logical: True,
2017-04-15 20:13:20,148 : SwitchController : <<<<<<< 's_start_button' active >>>>>>>
2017-04-15 20:13:20,148 : EventManager : Event: ======'s_start_button_active'====== Args={}
2017-04-15 20:13:20,150 : EventManager : Event: ======'sw_start'====== Args={}
2017-04-15 20:13:20,151 : EventManager : Event: ======'sw_start_active'====== Args={}
2017-04-15 20:13:20,305 : SwitchController : Processing switch. Name: s_start_button, state: 0, logical: True,
2017-04-15 20:13:20,306 : SwitchController : <<<<<<< 's_start_button' inactive >>>>>>>
2017-04-15 20:13:20,306 : EventManager : Event: ======'request_to_start_game'====== Args={}
2017-04-15 20:13:20,307 : EventManager : Event: ======'s_start_button_inactive'====== Args={}
2017-04-15 20:13:20,308 : EventManager : Event: ======'sw_start_inactive'====== Args={}
2017-04-15 20:13:20,309 : EventManager : Event: ======'game_start'====== Args={'buttons': [], 'hold_time': 0.15599999999994907}
2017-04-15 20:13:20,311 : EventManager : Event: ======'mode_game_starting'====== Args={}
2017-04-15 20:13:20,312 : SwitchController : Removing switch handler. Switch: s_start_button, State: 1, ms: 0
2017-04-15 20:13:20,313 : SwitchController : Removing switch handler. Switch: s_start_button, State: 0, ms: 0
2017-04-15 20:13:20,313 : EventManager : Event: ======'mode_attract_stopping'====== Args={}
2017-04-15 20:13:20,313 : Mode.attract : Stopped.
2017-04-15 20:13:20,315 : EventManager : Event: ======'mode_attract_stopped'====== Args={}
2017-04-15 20:13:20,315 : EventManager : Event: ======'clear'====== Args={'key': 'attract'}
2017-04-15 20:13:20,316 : Mode.game : Started. Priority: 20
2017-04-15 20:13:20,316 : EventManager : Event: ======'mode_game_started'====== Args={}
2017-04-15 20:13:20,318 : EventManager : Event: ======'game_starting'====== Args={'game': <Mode.game>}
2017-04-15 20:13:20,327 : EventManager : Event: ======'mode_poker_starting'====== Args={}
2017-04-15 20:13:20,333 : EventManager : Event: ======'player_add_success'====== Args={'num': 1, 'player': <Player 1>}
2017-04-15 20:13:20,334 : EventManager : Event: ======'machine_var_player1_score'====== Args={'change': 0, 'prev_value': 0, 'value': 0}
2017-04-15 20:13:20,335 : EventManager : Event: ======'player_turn_start'====== Args={'number': 1, 'player': <Player 1>}
2017-04-15 20:13:20,335 : EventManager : Event: ======'game_started'====== Args={}
2017-04-15 20:13:20,353 : Mode.game : Player added successfully. Total players: 1
2017-04-15 20:13:20,354 : EventManager : Event: ======'player_extra_balls_lit'====== Args={'change': 0, 'prev_value': 0, 'player_num': 1, 'value': 0}
2017-04-15 20:13:20,357 : EventManager : Event: ======'player_extra_balls'====== Args={'change': 0, 'prev_value': 0, 'player_num': 1, 'value': 0}
2017-04-15 20:13:20,357 : EventManager : Event: ======'player_extra_balls_current_ball'====== Args={'change': 0, 'prev_value': 0, 'player_num': 1, 'value': 0}
2017-04-15 20:13:20,359 : EventManager : Event: ======'player_turn_starting'====== Args={'number': 1, 'player': <Player 1>}
2017-04-15 20:13:20,360 : EventManager : Event: ======'player_ball'====== Args={'change': 1, 'prev_value': 0, 'player_num': 1, 'value': 1}
2017-04-15 20:13:20,361 : EventManager : Event: ======'player_turn_started'====== Args={'number': 1, 'player': <Player 1>}
2017-04-15 20:13:20,363 : EventManager : Event: ======'ball_starting'====== Args={'is_extra_ball': False, 'balls_remaining': 2}
2017-04-15 20:13:20,364 : Mode.poker : Started. Priority: 200
2017-04-15 20:13:20,365 : EventManager : Event: ======'mode_poker_started'====== Args={}
2017-04-15 20:13:20,365 : Mode.poker : poker mode starting
2017-04-15 20:13:20,366 : EventManager : Event: ======'player_heart_eject_made'====== Args={'change': 0, 'prev_value': 0, 'player_num': 1, 'value': False}
2017-04-15 20:13:20,368 : EventManager : Event: ======'player_club_eject_made'====== Args={'change': 0, 'prev_value': 0, 'player_num': 1, 'value': False}
2017-04-15 20:13:20,370 : EventManager : Event: ======'player_spade_eject_made'====== Args={'change': 0, 'prev_value': 0, 'player_num': 1, 'value': False}
2017-04-15 20:13:20,372 : EventManager : Event: ======'player_poker_lights'====== Args={'change': 1, 'prev_value': 0, 'player_num': 1, 'value': 1}
2017-04-15 20:13:20,373 : EventManager : Event: ======'player_extra_ball_lit'====== Args={'change': 0, 'prev_value': 0, 'player_num': 1, 'value': False}
2017-04-15 20:13:20,373 : EventManager : Event: ======'player_special_lit'====== Args={'change': 0, 'prev_value': 0, 'player_num': 1, 'value': False}
2017-04-15 20:13:20,374 : EventManager : Event: ======'player_extra_ball_awarded'====== Args={'change': 0, 'prev_value': 0, 'player_num': 1, 'value': False}
2017-04-15 20:13:20,375 : EventManager : Event: ======'player_special_awarded'====== Args={'change': 0, 'prev_value': 0, 'player_num': 1, 'value': False}
2017-04-15 20:13:20,377 : Mode.poker : poker light update called
2017-04-15 20:13:20,378 : EventManager : Event: ======'hearts_eject_flash'====== Args={}
2017-04-15 20:13:20,382 : EventManager : Event: ======'club_eject_flash'====== Args={}
2017-04-15 20:13:20,383 : EventManager : Event: ======'spade_eject_flash'====== Args={}
2017-04-15 20:13:20,384 : EventManager : Event: ======'extra_ball_off'====== Args={}
2017-04-15 20:13:20,386 : EventManager : Event: ======'special_off'====== Args={}
2017-04-15 20:13:20,387 : EventManager : Event: ======'poker_light_1'====== Args={}
2017-04-15 20:13:20,394 : EventManager : Event: ======'mode_jetbumpers_starting'====== Args={}
2017-04-15 20:13:20,401 : EventManager : Event: ======'mode_base_starting'====== Args={}
2017-04-15 20:13:20,403 : EventManager : Event: ======'balls_in_play'====== Args={'balls': 1}
2017-04-15 20:13:20,403 : EventManager : Event: ======'ball_started'====== Args={'ball': 1, 'player': 1}
2017-04-15 20:13:20,405 : EventManager : Event: ======'single_player_ball_started'====== Args={}
2017-04-15 20:13:20,406 : EventManager : Event: ======'balldevice_balls_available'====== Args={}
2017-04-15 20:13:20,407 : Mode.base : Started. Priority: 100
2017-04-15 20:13:20,407 : EventManager : Event: ======'mode_base_started'====== Args={}
2017-04-15 20:13:20,408 : EventManager : Event: ======'flipper_on'====== Args={'priority': 0}
2017-04-15 20:13:20,409 : Mode.jetbumpers : Started. Priority: 150
2017-04-15 20:13:20,409 : EventManager : Event: ======'mode_jetbumpers_started'====== Args={}
2017-04-15 20:13:20,410 : Mode.jetbumpers : jetbumper mode starting
2017-04-15 20:13:20,410 : EventManager : Event: ======'player_jetsremain'====== Args={'change': 20, 'prev_value': 0, 'player_num': 1, 'value': 20}
2017-04-15 20:13:20,411 : EventManager : Event: ======'player_jetlevel'====== Args={'change': 1, 'prev_value': 0, 'player_num': 1, 'value': 1}
2017-04-15 20:13:20,413 : EventManager : Event: ======'slide_title_slide_removed'====== Args={'_from_bcp': True}
2017-04-15 20:13:20,415 : EventManager : Event: ======'slide_present_slide_removed'====== Args={'_from_bcp': True}
2017-04-15 20:13:20,415 : EventManager : Event: ======'slide_welcome_slide_active'====== Args={'_from_bcp': True}
2017-04-15 20:13:20,417 : EventManager : Event: ======'balldevice_bd_drain_ball_eject_attempt'====== Args={'num_attempts': 0, 'source': <ball_device.bd_drain>, 'balls': 1, 'mechanical_eject': False, 'target': <playfield.playfield>}
2017-04-15 20:13:20,418 : EventManager : Event: ======'balldevice_bd_drain_ejecting_ball'====== Args={'num_attempts': 0, 'source': <ball_device.bd_drain>, 'balls': 1, 'mechanical_eject': False, 'target': <playfield.playfield>}
2017-04-15 20:13:20,419 : SwitchController : Registering switch handler: s_drain, functools.partial(<function SwitchController._wait_handler at 0x0000000003B176A8>, switch_name='s_drain', _future=<Future pending cb=[SwitchController._future_done([])()]>, ms=0), state: 0, ms: 0, info: False, cb_kwargs: {}
2017-04-15 20:13:20,420 : SwitchController : Processing switch. Name: s_drain, state: 0, logical: True,
2017-04-15 20:13:20,421 : SwitchController : <<<<<<< 's_drain' inactive >>>>>>>
2017-04-15 20:13:20,421 : SwitchController : Found timed switch handler for k/v 5847.339 / {'switch_name': 's_drain', 'callback_kwargs': {}, 'callback': <bound method SwitchCounter._switch_changed of <mpf.devices.ball_device.switch_counter.SwitchCounter object at 0x0000000004BBD1D0>>, 'ms': 500, 'return_info': False, 'removed': False, 'switch_action': 's_drain-0', 'state': 0}
2017-04-15 20:13:20,421 : EventManager : Event: ======'s_drain_inactive'====== Args={}
2017-04-15 20:13:20,422 : SwitchController : Removing switch handler. Switch: s_drain, State: 0, ms: 0
2017-04-15 20:13:20,665 : EventManager : Event: ======'slide_widgets_created'====== Args={'_from_bcp': True}
2017-04-15 20:13:20,669 : EventManager : Event: ======'slide_widgets_active'====== Args={'_from_bcp': True}
2017-04-15 20:13:20,935 : SwitchController : Processing timed switch handler. Switch: s_drain  State: 0, ms: 500
2017-04-15 20:13:25,346 : SwitchController : Processing switch. Name: s_heart_ace_eject, state: 1, logical: True,
2017-04-15 20:13:25,348 : SwitchController : <<<<<<< 's_heart_ace_eject' active >>>>>>>
2017-04-15 20:13:25,349 : SwitchController : Found timed switch handler for k/v 5852.269 / {'switch_name': 's_heart_ace_eject', 'callback_kwargs': {}, 'callback': <bound method SwitchCounter._switch_changed of <mpf.devices.ball_device.switch_counter.SwitchCounter object at 0x0000000004BBB588>>, 'ms': 500, 'return_info': False, 'removed': False, 'switch_action': 's_heart_ace_eject-1', 'state': 1}
2017-04-15 20:13:25,349 : EventManager : Event: ======'s_heart_ace_eject_active'====== Args={}
2017-04-15 20:13:25,351 : EventManager : Event: ======'player_heart_eject_made'====== Args={'change': 1, 'prev_value': False, 'player_num': 1, 'value': True}
2017-04-15 20:13:25,354 : EventManager : Event: ======'player_score'====== Args={'change': 10000, 'prev_value': 0, 'player_num': 1, 'value': 10000}
2017-04-15 20:13:25,355 : Mode.poker : Poker Check called
2017-04-15 20:13:25,356 : Mode.poker : Extra Ball condition not met
2017-04-15 20:13:25,356 : Mode.poker : poker light update called
2017-04-15 20:13:25,356 : EventManager : Event: ======'hearts_eject_solid'====== Args={}
2017-04-15 20:13:25,358 : EventManager : Event: ======'club_eject_flash'====== Args={}
2017-04-15 20:13:25,360 : EventManager : Event: ======'spade_eject_flash'====== Args={}
2017-04-15 20:13:25,362 : EventManager : Event: ======'extra_ball_off'====== Args={}
2017-04-15 20:13:25,365 : EventManager : Event: ======'special_off'====== Args={}
2017-04-15 20:13:25,366 : EventManager : Event: ======'poker_light_1'====== Args={}
2017-04-15 20:13:25,481 : SwitchController : Processing switch. Name: s_heart_ace_eject, state: 0, logical: True,
2017-04-15 20:13:25,483 : SwitchController : <<<<<<< 's_heart_ace_eject' inactive >>>>>>>
2017-04-15 20:13:25,483 : SwitchController : Found timed switch handler for k/v 5852.393 / {'switch_name': 's_heart_ace_eject', 'callback_kwargs': {}, 'callback': <bound method SwitchCounter._switch_changed of <mpf.devices.ball_device.switch_counter.SwitchCounter object at 0x0000000004BBB588>>, 'ms': 500, 'return_info': False, 'removed': False, 'switch_action': 's_heart_ace_eject-0', 'state': 0}
2017-04-15 20:13:25,484 : EventManager : Event: ======'s_heart_ace_eject_inactive'====== Args={}
2017-04-15 20:13:25,976 : SwitchController : Processing timed switch handler. Switch: s_heart_ace_eject  State: 0, ms: 500
2017-04-15 20:13:29,421 : SwitchController : Processing switch. Name: s_drain, state: 1, logical: True,
2017-04-15 20:13:29,423 : SwitchController : <<<<<<< 's_drain' active >>>>>>>
2017-04-15 20:13:29,423 : SwitchController : Found timed switch handler for k/v 5856.34 / {'switch_name': 's_drain', 'callback_kwargs': {}, 'callback': <bound method SwitchCounter._switch_changed of <mpf.devices.ball_device.switch_counter.SwitchCounter object at 0x0000000004BBD1D0>>, 'ms': 500, 'return_info': False, 'removed': False, 'switch_action': 's_drain-1', 'state': 1}
2017-04-15 20:13:29,424 : EventManager : Event: ======'s_drain_active'====== Args={}
2017-04-15 20:13:29,935 : SwitchController : Processing timed switch handler. Switch: s_drain  State: 1, ms: 500
2017-04-15 20:13:30,529 : EventManager : Event: ======'balldevice_bd_drain_ball_eject_failed'====== Args={'retry': True, 'balls': 1, 'target': <playfield.playfield>, 'num_attempts': 1}
2017-04-15 20:13:30,534 : EventManager : Event: ======'balldevice_bd_drain_ball_eject_attempt'====== Args={'num_attempts': 1, 'source': <ball_device.bd_drain>, 'balls': 1, 'mechanical_eject': False, 'target': <playfield.playfield>}
2017-04-15 20:13:30,536 : EventManager : Event: ======'balldevice_bd_drain_ejecting_ball'====== Args={'num_attempts': 1, 'source': <ball_device.bd_drain>, 'balls': 1, 'mechanical_eject': False, 'target': <playfield.playfield>}
2017-04-15 20:13:30,540 : SwitchController : Registering switch handler: s_drain, functools.partial(<function SwitchController._wait_handler at 0x0000000003B176A8>, switch_name='s_drain', _future=<Future pending cb=[SwitchController._future_done([])()]>, ms=0), state: 0, ms: 0, info: False, cb_kwargs: {}
2017-04-15 20:13:30,543 : SwitchController : Processing switch. Name: s_drain, state: 0, logical: True,
2017-04-15 20:13:30,544 : SwitchController : <<<<<<< 's_drain' inactive >>>>>>>
2017-04-15 20:13:30,545 : SwitchController : Found timed switch handler for k/v 5857.463 / {'switch_name': 's_drain', 'callback_kwargs': {}, 'callback': <bound method SwitchCounter._switch_changed of <mpf.devices.ball_device.switch_counter.SwitchCounter object at 0x0000000004BBD1D0>>, 'ms': 500, 'return_info': False, 'removed': False, 'switch_action': 's_drain-0', 'state': 0}
2017-04-15 20:13:30,546 : EventManager : Event: ======'s_drain_inactive'====== Args={}
2017-04-15 20:13:30,547 : SwitchController : Removing switch handler. Switch: s_drain, State: 0, ms: 0
2017-04-15 20:13:31,055 : SwitchController : Processing timed switch handler. Switch: s_drain  State: 0, ms: 500
2017-04-15 20:13:37,621 : SwitchController : Processing switch. Name: s_lower_right_standup, state: 1, logical: True,
2017-04-15 20:13:37,622 : SwitchController : <<<<<<< 's_lower_right_standup' active >>>>>>>
2017-04-15 20:13:37,623 : EventManager : Event: ======'s_lower_right_standup_active'====== Args={}
2017-04-15 20:13:37,632 : EventManager : Event: ======'sw_playfield_active'====== Args={}
2017-04-15 20:13:37,634 : EventManager : Event: ======'sw_playfield_active_active'====== Args={}
2017-04-15 20:13:37,635 : EventManager : Event: ======'player_score'====== Args={'change': 10, 'prev_value': 10000, 'player_num': 1, 'value': 10010}
2017-04-15 20:13:37,637 : EventManager : Event: ======'playfield_active'====== Args={}
2017-04-15 20:13:37,642 : EventManager : Event: ======'balldevice_bd_drain_ball_eject_success'====== Args={'balls': 1, 'target': <playfield.playfield>}
2017-04-15 20:13:37,644 : EventManager : Event: ======'balldevice_playfield_ball_enter'====== Args={'device': <playfield.playfield>, 'unclaimed_balls': 1, 'new_balls': 1}
2017-04-15 20:13:37,645 : EventManager : Event: ======'playfield_ball_count_change'====== Args={'change': 1, 'balls': 1}
2017-04-15 20:13:37,719 : SwitchController : Processing switch. Name: s_lower_right_standup, state: 0, logical: True,
2017-04-15 20:13:37,721 : SwitchController : <<<<<<< 's_lower_right_standup' inactive >>>>>>>
2017-04-15 20:13:37,722 : EventManager : Event: ======'s_lower_right_standup_inactive'====== Args={}
2017-04-15 20:13:37,723 : EventManager : Event: ======'sw_playfield_active_inactive'====== Args={}
2017-04-15 20:13:37,842 : SwitchController : Processing switch. Name: s_lower_right_standup, state: 1, logical: True,
2017-04-15 20:13:37,844 : SwitchController : <<<<<<< 's_lower_right_standup' active >>>>>>>
2017-04-15 20:13:37,845 : EventManager : Event: ======'s_lower_right_standup_active'====== Args={}
2017-04-15 20:13:37,847 : EventManager : Event: ======'sw_playfield_active'====== Args={}
2017-04-15 20:13:37,848 : EventManager : Event: ======'sw_playfield_active_active'====== Args={}
2017-04-15 20:13:37,851 : EventManager : Event: ======'player_score'====== Args={'change': 10, 'prev_value': 10010, 'player_num': 1, 'value': 10020}
2017-04-15 20:13:37,952 : SwitchController : Processing switch. Name: s_lower_right_standup, state: 0, logical: True,
2017-04-15 20:13:37,954 : SwitchController : <<<<<<< 's_lower_right_standup' inactive >>>>>>>
2017-04-15 20:13:37,954 : EventManager : Event: ======'s_lower_right_standup_inactive'====== Args={}
2017-04-15 20:13:37,956 : EventManager : Event: ======'sw_playfield_active_inactive'====== Args={}
2017-04-15 20:13:39,322 : SwitchController : Processing switch. Name: s_drain, state: 1, logical: True,
2017-04-15 20:13:39,324 : SwitchController : <<<<<<< 's_drain' active >>>>>>>
2017-04-15 20:13:39,324 : SwitchController : Found timed switch handler for k/v 5866.231 / {'switch_name': 's_drain', 'callback_kwargs': {}, 'callback': <bound method SwitchCounter._switch_changed of <mpf.devices.ball_device.switch_counter.SwitchCounter object at 0x0000000004BBD1D0>>, 'ms': 500, 'return_info': False, 'removed': False, 'switch_action': 's_drain-1', 'state': 1}
2017-04-15 20:13:39,325 : EventManager : Event: ======'s_drain_active'====== Args={}
2017-04-15 20:13:39,826 : SwitchController : Processing timed switch handler. Switch: s_drain  State: 1, ms: 500
2017-04-15 20:13:39,829 : EventManager : Event: ======'balldevice_captured_from_playfield'====== Args={'balls': 1}
2017-04-15 20:13:39,830 : EventManager : Event: ======'sw_playfield_active'====== Args={'balls': 1}
2017-04-15 20:13:39,832 : EventManager : Event: ======'playfield_ball_count_change'====== Args={'change': -1, 'balls': 0}
2017-04-15 20:13:39,836 : EventManager : Event: ======'balldevice_bd_drain_ball_enter'====== Args={'device': <ball_device.bd_drain>, 'unclaimed_balls': 1, 'new_balls': 1}
2017-04-15 20:13:39,838 : EventManager : Event: ======'ball_drain'====== Args={'device': <ball_device.bd_drain>, 'balls': 1}
2017-04-15 20:13:39,841 : EventManager : Event: ======'ball_will_end'====== Args={}
2017-04-15 20:13:39,842 : EventManager : Event: ======'ball_ending'====== Args={}
2017-04-15 20:13:39,844 : EventManager : Event: ======'flipper_off'====== Args={'priority': 0}
2017-04-15 20:13:39,846 : EventManager : Event: ======'mode_poker_stopping'====== Args={}
2017-04-15 20:13:39,847 : EventManager : Event: ======'mode_jetbumpers_stopping'====== Args={}
2017-04-15 20:13:39,848 : EventManager : Event: ======'mode_base_stopping'====== Args={}
2017-04-15 20:13:39,849 : EventManager : Event: ======'balldevice_balls_available'====== Args={}
2017-04-15 20:13:39,850 : EventManager : Event: ======'balldevice_bd_drain_ball_entered'====== Args={'device': <ball_device.bd_drain>, 'new_balls': 1}
2017-04-15 20:13:39,852 : Mode.jetbumpers : Stopped.
2017-04-15 20:13:39,855 : EventManager : Event: ======'mode_jetbumpers_stopped'====== Args={}
2017-04-15 20:13:39,856 : EventManager : Event: ======'clear'====== Args={'key': 'jetbumpers'}
2017-04-15 20:13:39,857 : Mode.poker : Stopped.
2017-04-15 20:13:39,860 : EventManager : Event: ======'mode_poker_stopped'====== Args={}
2017-04-15 20:13:39,861 : EventManager : Event: ======'clear'====== Args={'key': 'poker'}
2017-04-15 20:13:39,867 : Mode.base : Stopped.
2017-04-15 20:13:39,869 : EventManager : Event: ======'mode_base_stopped'====== Args={}
2017-04-15 20:13:39,871 : EventManager : Event: ======'clear'====== Args={'key': 'base'}
2017-04-15 20:13:39,874 : EventManager : Event: ======'ball_ended'====== Args={}
2017-04-15 20:13:39,875 : EventManager : Event: ======'player_turn_stop'====== Args={'number': 1, 'player': <Player 1>}
2017-04-15 20:13:39,876 : EventManager : Event: ======'machine_var_player1_score'====== Args={'change': 10020, 'prev_value': 0, 'value': 10020}
2017-04-15 20:13:39,878 : EventManager : Event: ======'player_turn_start'====== Args={'number': 1, 'player': <Player 1>}
2017-04-15 20:13:39,882 : EventManager : Event: ======'player_turn_starting'====== Args={'number': 1, 'player': <Player 1>}
2017-04-15 20:13:39,882 : EventManager : Event: ======'player_ball'====== Args={'change': 1, 'prev_value': 1, 'player_num': 1, 'value': 2}
2017-04-15 20:13:39,883 : EventManager : Event: ======'player_turn_started'====== Args={'number': 1, 'player': <Player 1>}
2017-04-15 20:13:39,884 : EventManager : Event: ======'ball_starting'====== Args={'is_extra_ball': False, 'balls_remaining': 1}
2017-04-15 20:13:39,888 : EventManager : Event: ======'mode_jetbumpers_starting'====== Args={}
2017-04-15 20:13:39,897 : EventManager : Event: ======'mode_base_starting'====== Args={}
2017-04-15 20:13:39,899 : EventManager : Event: ======'balls_in_play'====== Args={'balls': 1}
2017-04-15 20:13:39,899 : EventManager : Event: ======'ball_started'====== Args={'ball': 2, 'player': 1}
2017-04-15 20:13:39,900 : EventManager : Event: ======'single_player_ball_started'====== Args={}
2017-04-15 20:13:39,901 : EventManager : Event: ======'balldevice_balls_available'====== Args={}
2017-04-15 20:13:39,902 : Mode.base : Started. Priority: 100
2017-04-15 20:13:39,903 : EventManager : Event: ======'mode_base_started'====== Args={}
2017-04-15 20:13:39,903 : EventManager : Event: ======'flipper_on'====== Args={'priority': 0}
2017-04-15 20:13:39,905 : Mode.jetbumpers : Started. Priority: 150
2017-04-15 20:13:39,905 : EventManager : Event: ======'mode_jetbumpers_started'====== Args={}
2017-04-15 20:13:39,906 : Mode.jetbumpers : jetbumper mode starting
2017-04-15 20:13:39,909 : EventManager : Event: ======'slide_widgets_removed'====== Args={'_from_bcp': True}
2017-04-15 20:13:39,910 : EventManager : Event: ======'slide_welcome_slide_active'====== Args={'_from_bcp': True}
2017-04-15 20:13:39,911 : EventManager : Event: ======'balldevice_bd_drain_ball_eject_attempt'====== Args={'num_attempts': 0, 'source': <ball_device.bd_drain>, 'balls': 1, 'mechanical_eject': False, 'target': <playfield.playfield>}
2017-04-15 20:13:39,912 : EventManager : Event: ======'balldevice_bd_drain_ejecting_ball'====== Args={'num_attempts': 0, 'source': <ball_device.bd_drain>, 'balls': 1, 'mechanical_eject': False, 'target': <playfield.playfield>}
2017-04-15 20:13:39,914 : SwitchController : Registering switch handler: s_drain, functools.partial(<function SwitchController._wait_handler at 0x0000000003B176A8>, switch_name='s_drain', _future=<Future pending cb=[SwitchController._future_done([])()]>, ms=0), state: 0, ms: 0, info: False, cb_kwargs: {}
2017-04-15 20:13:39,915 : SwitchController : Processing switch. Name: s_drain, state: 0, logical: True,
2017-04-15 20:13:39,916 : SwitchController : <<<<<<< 's_drain' inactive >>>>>>>
2017-04-15 20:13:39,916 : SwitchController : Found timed switch handler for k/v 5866.823 / {'switch_name': 's_drain', 'callback_kwargs': {}, 'callback': <bound method SwitchCounter._switch_changed of <mpf.devices.ball_device.switch_counter.SwitchCounter object at 0x0000000004BBD1D0>>, 'ms': 500, 'return_info': False, 'removed': False, 'switch_action': 's_drain-0', 'state': 0}
2017-04-15 20:13:39,916 : EventManager : Event: ======'s_drain_inactive'====== Args={}
2017-04-15 20:13:39,917 : SwitchController : Removing switch handler. Switch: s_drain, State: 0, ms: 0
2017-04-15 20:13:39,925 : EventManager : Event: ======'slide_widgets_created'====== Args={'_from_bcp': True}
2017-04-15 20:13:39,932 : EventManager : Event: ======'slide_widgets_active'====== Args={'_from_bcp': True}
2017-04-15 20:13:40,413 : SwitchController : Processing timed switch handler. Switch: s_drain  State: 0, ms: 500
2017-04-15 20:13:42,102 : SwitchController : Processing switch. Name: s_heart_ace_eject, state: 1, logical: True,
2017-04-15 20:13:42,103 : SwitchController : <<<<<<< 's_heart_ace_eject' active >>>>>>>
2017-04-15 20:13:42,104 : SwitchController : Found timed switch handler for k/v 5869.023 / {'switch_name': 's_heart_ace_eject', 'callback_kwargs': {}, 'callback': <bound method SwitchCounter._switch_changed of <mpf.devices.ball_device.switch_counter.SwitchCounter object at 0x0000000004BBB588>>, 'ms': 500, 'return_info': False, 'removed': False, 'switch_action': 's_heart_ace_eject-1', 'state': 1}
2017-04-15 20:13:42,104 : EventManager : Event: ======'s_heart_ace_eject_active'====== Args={}
2017-04-15 20:13:42,298 : SwitchController : Processing switch. Name: s_heart_ace_eject, state: 0, logical: True,
2017-04-15 20:13:42,299 : SwitchController : <<<<<<< 's_heart_ace_eject' inactive >>>>>>>
2017-04-15 20:13:42,300 : SwitchController : Found timed switch handler for k/v 5869.21 / {'switch_name': 's_heart_ace_eject', 'callback_kwargs': {}, 'callback': <bound method SwitchCounter._switch_changed of <mpf.devices.ball_device.switch_counter.SwitchCounter object at 0x0000000004BBB588>>, 'ms': 500, 'return_info': False, 'removed': False, 'switch_action': 's_heart_ace_eject-0', 'state': 0}
2017-04-15 20:13:42,300 : EventManager : Event: ======'s_heart_ace_eject_inactive'====== Args={}
2017-04-15 20:13:42,795 : SwitchController : Processing timed switch handler. Switch: s_heart_ace_eject  State: 0, ms: 500
2017-04-15 20:13:43,129 : SwitchController : Processing switch. Name: s_heart_ace_eject, state: 1, logical: True,
2017-04-15 20:13:43,131 : SwitchController : <<<<<<< 's_heart_ace_eject' active >>>>>>>
2017-04-15 20:13:43,132 : SwitchController : Found timed switch handler for k/v 5870.037 / {'switch_name': 's_heart_ace_eject', 'callback_kwargs': {}, 'callback': <bound method SwitchCounter._switch_changed of <mpf.devices.ball_device.switch_counter.SwitchCounter object at 0x0000000004BBB588>>, 'ms': 500, 'return_info': False, 'removed': False, 'switch_action': 's_heart_ace_eject-1', 'state': 1}
2017-04-15 20:13:43,132 : EventManager : Event: ======'s_heart_ace_eject_active'====== Args={}
2017-04-15 20:13:43,292 : SwitchController : Processing switch. Name: s_heart_ace_eject, state: 0, logical: True,
2017-04-15 20:13:43,294 : SwitchController : <<<<<<< 's_heart_ace_eject' inactive >>>>>>>
2017-04-15 20:13:43,294 : SwitchController : Found timed switch handler for k/v 5870.209 / {'switch_name': 's_heart_ace_eject', 'callback_kwargs': {}, 'callback': <bound method SwitchCounter._switch_changed of <mpf.devices.ball_device.switch_counter.SwitchCounter object at 0x0000000004BBB588>>, 'ms': 500, 'return_info': False, 'removed': False, 'switch_action': 's_heart_ace_eject-0', 'state': 0}
2017-04-15 20:13:43,295 : EventManager : Event: ======'s_heart_ace_eject_inactive'====== Args={}
2017-04-15 20:13:43,804 : SwitchController : Processing timed switch handler. Switch: s_heart_ace_eject  State: 0, ms: 500
2017-04-15 20:13:44,777 : SwitchController : Processing switch. Name: s_bottom_jet_bumper, state: 1, logical: True,
2017-04-15 20:13:44,779 : SwitchController : <<<<<<< 's_bottom_jet_bumper' active >>>>>>>
2017-04-15 20:13:44,779 : EventManager : Event: ======'s_bottom_jet_bumper_active'====== Args={}
2017-04-15 20:13:44,781 : EventManager : Event: ======'sw_playfield_active'====== Args={}
2017-04-15 20:13:44,782 : EventManager : Event: ======'sw_playfield_active_active'====== Args={}
2017-04-15 20:13:44,784 : EventManager : Event: ======'player_score'====== Args={'change': 100, 'prev_value': 10020, 'player_num': 1, 'value': 10120}
2017-04-15 20:13:44,787 : EventManager : Event: ======'player_jetsremain'====== Args={'change': -1, 'prev_value': 20, 'player_num': 1, 'value': 19}
2017-04-15 20:13:44,789 : EventManager : Event: ======'jetcountdown'====== Args={}
2017-04-15 20:13:44,791 : EventManager : Event: ======'playfield_active'====== Args={}
2017-04-15 20:13:44,794 : EventManager : Event: ======'balldevice_bd_drain_ball_eject_success'====== Args={'balls': 1, 'target': <playfield.playfield>}
2017-04-15 20:13:44,796 : EventManager : Event: ======'balldevice_playfield_ball_enter'====== Args={'device': <playfield.playfield>, 'unclaimed_balls': 1, 'new_balls': 1}
2017-04-15 20:13:44,797 : EventManager : Event: ======'playfield_ball_count_change'====== Args={'change': 1, 'balls': 1}
2017-04-15 20:13:44,838 : EventManager : Event: ======'slide_jetcounter_slide_created'====== Args={'_from_bcp': True}
2017-04-15 20:13:44,840 : EventManager : Event: ======'slide_jetcounter_slide_active'====== Args={'_from_bcp': True}
2017-04-15 20:13:44,882 : SwitchController : Processing switch. Name: s_bottom_jet_bumper, state: 0, logical: True,
2017-04-15 20:13:44,882 : SwitchController : <<<<<<< 's_bottom_jet_bumper' inactive >>>>>>>
2017-04-15 20:13:44,883 : EventManager : Event: ======'s_bottom_jet_bumper_inactive'====== Args={}
2017-04-15 20:13:44,883 : EventManager : Event: ======'sw_playfield_active_inactive'====== Args={}
2017-04-15 20:13:45,058 : SwitchController : Processing switch. Name: s_bottom_jet_bumper, state: 1, logical: True,
2017-04-15 20:13:45,059 : SwitchController : <<<<<<< 's_bottom_jet_bumper' active >>>>>>>
2017-04-15 20:13:45,060 : EventManager : Event: ======'s_bottom_jet_bumper_active'====== Args={}
2017-04-15 20:13:45,062 : EventManager : Event: ======'sw_playfield_active'====== Args={}
2017-04-15 20:13:45,063 : EventManager : Event: ======'sw_playfield_active_active'====== Args={}
2017-04-15 20:13:45,065 : EventManager : Event: ======'player_score'====== Args={'change': 100, 'prev_value': 10120, 'player_num': 1, 'value': 10220}
2017-04-15 20:13:45,068 : EventManager : Event: ======'player_jetsremain'====== Args={'change': -1, 'prev_value': 19, 'player_num': 1, 'value': 18}
2017-04-15 20:13:45,070 : EventManager : Event: ======'jetcountdown'====== Args={}
2017-04-15 20:13:45,180 : SwitchController : Processing switch. Name: s_bottom_jet_bumper, state: 0, logical: True,
2017-04-15 20:13:45,181 : SwitchController : <<<<<<< 's_bottom_jet_bumper' inactive >>>>>>>
2017-04-15 20:13:45,182 : EventManager : Event: ======'s_bottom_jet_bumper_inactive'====== Args={}
2017-04-15 20:13:45,183 : EventManager : Event: ======'sw_playfield_active_inactive'====== Args={}
2017-04-15 20:13:45,450 : SwitchController : Processing switch. Name: s_bottom_jet_bumper, state: 1, logical: True,
2017-04-15 20:13:45,452 : SwitchController : <<<<<<< 's_bottom_jet_bumper' active >>>>>>>
2017-04-15 20:13:45,452 : EventManager : Event: ======'s_bottom_jet_bumper_active'====== Args={}
2017-04-15 20:13:45,454 : EventManager : Event: ======'sw_playfield_active'====== Args={}
2017-04-15 20:13:45,455 : EventManager : Event: ======'sw_playfield_active_active'====== Args={}
2017-04-15 20:13:45,457 : EventManager : Event: ======'player_score'====== Args={'change': 100, 'prev_value': 10220, 'player_num': 1, 'value': 10320}
2017-04-15 20:13:45,459 : EventManager : Event: ======'player_jetsremain'====== Args={'change': -1, 'prev_value': 18, 'player_num': 1, 'value': 17}
2017-04-15 20:13:45,461 : EventManager : Event: ======'jetcountdown'====== Args={}
2017-04-15 20:13:45,584 : SwitchController : Processing switch. Name: s_bottom_jet_bumper, state: 0, logical: True,
2017-04-15 20:13:45,586 : SwitchController : <<<<<<< 's_bottom_jet_bumper' inactive >>>>>>>
2017-04-15 20:13:45,586 : EventManager : Event: ======'s_bottom_jet_bumper_inactive'====== Args={}
2017-04-15 20:13:45,588 : EventManager : Event: ======'sw_playfield_active_inactive'====== Args={}
2017-04-15 20:13:46,820 : EventManager : Event: ======'slide_jetcounter_slide_removed'====== Args={'_from_bcp': True}
2017-04-15 20:13:46,824 : EventManager : Event: ======'slide_widgets_active'====== Args={'_from_bcp': True}
2017-04-15 20:13:57,467 : Machine : Shutting down...
2017-04-15 20:13:57,467 : EventManager : Event: ======'shutdown'====== Args={}
2017-04-15 20:13:57,475 : asyncio : Task was destroyed but it is pending!
task: <Task pending coro=<get() running at c:\python34\lib\asyncio\queues.py:168> wait_for=<Future cancelled> cb=[_wait.<locals>._on_completion() at c:\python34\lib\asyncio\tasks.py:408]>
2017-04-15 20:13:57,475 : asyncio : Task was destroyed but it is pending!
task: <Task pending coro=<wait() running at c:\python34\lib\asyncio\locks.py:264> wait_for=<Future cancelled> cb=[_wait.<locals>._on_completion() at c:\python34\lib\asyncio\tasks.py:408]>
2017-04-15 20:13:57,476 : asyncio : Task was destroyed but it is pending!
task: <Task pending coro=<get() running at c:\python34\lib\asyncio\queues.py:168> wait_for=<Future cancelled> cb=[_wait.<locals>._on_completion() at c:\python34\lib\asyncio\tasks.py:408]>
2017-04-15 20:13:57,476 : asyncio : Task was destroyed but it is pending!
task: <Task pending coro=<wait() running at c:\python34\lib\asyncio\locks.py:264> wait_for=<Future cancelled> cb=[_wait.<locals>._on_completion() at c:\python34\lib\asyncio\tasks.py:408]>
2017-04-15 20:13:57,477 : asyncio : Task was destroyed but it is pending!
task: <Task pending coro=<get() running at c:\python34\lib\asyncio\queues.py:168> wait_for=<Future cancelled> cb=[_wait.<locals>._on_completion() at c:\python34\lib\asyncio\tasks.py:408]>
2017-04-15 20:13:57,477 : asyncio : Task was destroyed but it is pending!
task: <Task pending coro=<wait() running at c:\python34\lib\asyncio\locks.py:264> wait_for=<Future cancelled> cb=[_wait.<locals>._on_completion() at c:\python34\lib\asyncio\tasks.py:408]>
2017-04-15 20:13:57,478 : asyncio : Task was destroyed but it is pending!
task: <Task pending coro=<get() running at c:\python34\lib\asyncio\queues.py:168> wait_for=<Future cancelled> cb=[_wait.<locals>._on_completion() at c:\python34\lib\asyncio\tasks.py:408]>
2017-04-15 20:13:57,478 : asyncio : Task was destroyed but it is pending!
task: <Task pending coro=<wait() running at c:\python34\lib\asyncio\locks.py:264> wait_for=<Future cancelled> cb=[_wait.<locals>._on_completion() at c:\python34\lib\asyncio\tasks.py:408]>
2017-04-15 20:13:57,479 : root : MPF run loop ended.
